<?xml version="1.0" encoding="UTF-8"?>
<!-- Generated by org.testng.reporters.JUnitReportReporter -->
<testsuite hostname="DESKTOP-FA6R54Q" failures="0" tests="1" name="testcase.TC05_AddEmployee" time="10.870" errors="0" timestamp="2024-01-03T00:32:13 EET" skipped="0">
  <testcase classname="testcase.TC05_AddEmployee" name="addEmployee" time="10.870"/>
  <system-out/>
</testsuite> <!-- testcase.TC05_AddEmployee -->
