<?xml version="1.0" encoding="UTF-8"?>
<!-- Generated by org.testng.reporters.JUnitReportReporter -->
<testsuite hostname="DESKTOP-FA6R54Q" failures="0" tests="1" name="testcase.TC01_Login" time="3.189" errors="0" timestamp="2024-01-02T17:11:25 EET" skipped="0">
  <testcase classname="testcase.TC01_Login" name="loginWithRegisteredUser_P" time="3.189"/>
  <system-out/>
</testsuite> <!-- testcase.TC01_Login -->
