<?xml version="1.0" encoding="UTF-8"?>
<!-- Generated by org.testng.reporters.JUnitReportReporter -->
<testsuite hostname="DESKTOP-FA6R54Q" failures="0" tests="1" name="testcase.TC04_SearchForEmployee" time="13.477" errors="0" timestamp="2024-01-02T17:54:01 EET" skipped="0">
  <testcase classname="testcase.TC04_SearchForEmployee" name="searchForEmployee" time="13.477"/>
  <system-out/>
</testsuite> <!-- testcase.TC04_SearchForEmployee -->
